0 info it worked if it ends with ok
1 verbose cli [ '/usr/local/bin/node',
1 verbose cli   '/usr/local/bin/npm',
1 verbose cli   'run',
1 verbose cli   'test-stack' ]
2 info using npm@3.10.10
3 info using node@v6.9.4
4 verbose run-script [ 'pretest-stack', 'test-stack', 'posttest-stack' ]
5 info lifecycle js-computer-science-mentoring@1.0.0~pretest-stack: js-computer-science-mentoring@1.0.0
6 silly lifecycle js-computer-science-mentoring@1.0.0~pretest-stack: no script for pretest-stack, continuing
7 info lifecycle js-computer-science-mentoring@1.0.0~test-stack: js-computer-science-mentoring@1.0.0
8 verbose lifecycle js-computer-science-mentoring@1.0.0~test-stack: unsafe-perm in lifecycle true
9 verbose lifecycle js-computer-science-mentoring@1.0.0~test-stack: PATH: /usr/local/lib/node_modules/npm/bin/node-gyp-bin:/Users/simakyahor/Downloads/js-computer-science-mentoring/node_modules/.bin:/usr/local/mysql/bin:/usr/local/bin:/usr/bin:/bin:/usr/sbin:/sbin:/usr/local/share/dotnet:/Library/Frameworks/Mono.framework/Versions/Current/Commands
10 verbose lifecycle js-computer-science-mentoring@1.0.0~test-stack: CWD: /Users/simakyahor/Downloads/js-computer-science-mentoring
11 silly lifecycle js-computer-science-mentoring@1.0.0~test-stack: Args: [ '-c',
11 silly lifecycle   'mocha -r ./setup-mocha.js && mocha --compilers js:babel-core/register stack/stack.spec.js' ]
12 silly lifecycle js-computer-science-mentoring@1.0.0~test-stack: Returned: code: 1  signal: null
13 info lifecycle js-computer-science-mentoring@1.0.0~test-stack: Failed to exec test-stack script
14 verbose stack Error: js-computer-science-mentoring@1.0.0 test-stack: `mocha -r ./setup-mocha.js && mocha --compilers js:babel-core/register stack/stack.spec.js`
14 verbose stack Exit status 1
14 verbose stack     at EventEmitter.<anonymous> (/usr/local/lib/node_modules/npm/lib/utils/lifecycle.js:255:16)
14 verbose stack     at emitTwo (events.js:106:13)
14 verbose stack     at EventEmitter.emit (events.js:191:7)
14 verbose stack     at ChildProcess.<anonymous> (/usr/local/lib/node_modules/npm/lib/utils/spawn.js:40:14)
14 verbose stack     at emitTwo (events.js:106:13)
14 verbose stack     at ChildProcess.emit (events.js:191:7)
14 verbose stack     at maybeClose (internal/child_process.js:877:16)
14 verbose stack     at Process.ChildProcess._handle.onexit (internal/child_process.js:226:5)
15 verbose pkgid js-computer-science-mentoring@1.0.0
16 verbose cwd /Users/simakyahor/Downloads/js-computer-science-mentoring
17 error Darwin 16.7.0
18 error argv "/usr/local/bin/node" "/usr/local/bin/npm" "run" "test-stack"
19 error node v6.9.4
20 error npm  v3.10.10
21 error code ELIFECYCLE
22 error js-computer-science-mentoring@1.0.0 test-stack: `mocha -r ./setup-mocha.js && mocha --compilers js:babel-core/register stack/stack.spec.js`
22 error Exit status 1
23 error Failed at the js-computer-science-mentoring@1.0.0 test-stack script 'mocha -r ./setup-mocha.js && mocha --compilers js:babel-core/register stack/stack.spec.js'.
23 error Make sure you have the latest version of node.js and npm installed.
23 error If you do, this is most likely a problem with the js-computer-science-mentoring package,
23 error not with npm itself.
23 error Tell the author that this fails on your system:
23 error     mocha -r ./setup-mocha.js && mocha --compilers js:babel-core/register stack/stack.spec.js
23 error You can get information on how to open an issue for this project with:
23 error     npm bugs js-computer-science-mentoring
23 error Or if that isn't available, you can get their info via:
23 error     npm owner ls js-computer-science-mentoring
23 error There is likely additional logging output above.
24 verbose exit [ 1, true ]
